<?xml version="1.0" encoding="UTF-8"?>
<robot generator="Robot 4.1.1 (Python 3.10.12 on linux)" generated="20231129 20:24:09.234" rpa="false" schemaversion="2">
<suite id="s1" name="Web Test Sample" source="/home/runner/work/boost-test/boost-test/tests/web_test/web_test_sample.robot">
<kw name="Run Keyword And Ignore Error" library="BuiltIn" type="SETUP">
<arg>Begin Web Test</arg>
<doc>Runs the given keyword with the given arguments and ignores possible error.</doc>
<kw name="Begin Web Test">
<kw name="Open Browser" library="SeleniumLibrary">
<arg>${url}</arg>
<arg>${browser}</arg>
<doc>Opens a new browser instance to the optional ``url``.</doc>
<msg timestamp="20231129 20:24:09.425" level="INFO">Opening browser 'headlesschrome' to base url 'http://the-internet.herokuapp.com/'.</msg>
<status status="PASS" starttime="20231129 20:24:09.424" endtime="20231129 20:24:11.558"/>
</kw>
<status status="PASS" starttime="20231129 20:24:09.424" endtime="20231129 20:24:11.558"/>
</kw>
<status status="PASS" starttime="20231129 20:24:09.423" endtime="20231129 20:24:11.558"/>
</kw>
<test id="s1-t1" name="Test open browser to http://the-internet.herokuapp.com/">
<kw name="Wait Until Page Contains" library="SeleniumLibrary">
<arg>Welcome to the-internet</arg>
<doc>Waits until ``text`` appears on the current page.</doc>
<status status="PASS" starttime="20231129 20:24:11.560" endtime="20231129 20:24:11.582"/>
</kw>
<kw name="Capture Page Screenshot" library="SeleniumLibrary">
<doc>Takes a screenshot of the current page and embeds it into a log file.</doc>
<msg timestamp="20231129 20:24:11.642" level="INFO" html="true">&lt;/td&gt;&lt;/tr&gt;&lt;tr&gt;&lt;td colspan="3"&gt;&lt;a href="selenium-screenshot-1.png"&gt;&lt;img src="selenium-screenshot-1.png" width="800px"&gt;&lt;/a&gt;</msg>
<status status="PASS" starttime="20231129 20:24:11.582" endtime="20231129 20:24:11.642"/>
</kw>
<doc>This is some basic info about the test</doc>
<tag>P0</tag>
<tag>Smoke</tag>
<status status="PASS" starttime="20231129 20:24:11.559" endtime="20231129 20:24:11.642"/>
</test>
<test id="s1-t2" name="Test Form Authentication Login Failed">
<kw name="Go To" library="SeleniumLibrary">
<arg>${url}</arg>
<doc>Navigates the current browser window to the provided ``url``.</doc>
<msg timestamp="20231129 20:24:11.645" level="INFO">Opening url 'http://the-internet.herokuapp.com/'</msg>
<status status="PASS" starttime="20231129 20:24:11.645" endtime="20231129 20:24:11.713"/>
</kw>
<kw name="Click Link" library="SeleniumLibrary">
<arg>//*[@href='/dropdown']</arg>
<doc>Clicks a link identified by ``locator``.</doc>
<msg timestamp="20231129 20:24:11.713" level="INFO">Clicking link '//*[@href='/dropdown']'.</msg>
<status status="PASS" starttime="20231129 20:24:11.713" endtime="20231129 20:24:11.852"/>
</kw>
<kw name="Page Should Contain" library="SeleniumLibrary">
<arg>Dropdown List</arg>
<doc>Verifies that current page contains ``text``.</doc>
<msg timestamp="20231129 20:24:11.867" level="INFO">Current page contains text 'Dropdown List'.</msg>
<status status="PASS" starttime="20231129 20:24:11.852" endtime="20231129 20:24:11.868"/>
</kw>
<kw name="Click Element" library="SeleniumLibrary">
<arg>xpath=//select[@id='dropdown']</arg>
<doc>Click the element identified by ``locator``.</doc>
<msg timestamp="20231129 20:24:11.868" level="INFO">Clicking element 'xpath=//select[@id='dropdown']'.</msg>
<status status="PASS" starttime="20231129 20:24:11.868" endtime="20231129 20:24:11.933"/>
</kw>
<kw name="Click Element" library="SeleniumLibrary">
<arg>xpath=//*[text()='Option 2']</arg>
<doc>Click the element identified by ``locator``.</doc>
<msg timestamp="20231129 20:24:11.933" level="INFO">Clicking element 'xpath=//*[text()='Option 2']'.</msg>
<status status="PASS" starttime="20231129 20:24:11.933" endtime="20231129 20:24:11.978"/>
</kw>
<kw name="Sleep" library="BuiltIn">
<arg>3</arg>
<doc>Pauses the test executed for the given time.</doc>
<msg timestamp="20231129 20:24:14.979" level="INFO">Slept 3 seconds</msg>
<status status="PASS" starttime="20231129 20:24:11.978" endtime="20231129 20:24:14.979"/>
</kw>
<kw name="Capture Page Screenshot" library="SeleniumLibrary">
<doc>Takes a screenshot of the current page and embeds it into a log file.</doc>
<msg timestamp="20231129 20:24:15.046" level="INFO" html="true">&lt;/td&gt;&lt;/tr&gt;&lt;tr&gt;&lt;td colspan="3"&gt;&lt;a href="selenium-screenshot-2.png"&gt;&lt;img src="selenium-screenshot-2.png" width="800px"&gt;&lt;/a&gt;</msg>
<status status="PASS" starttime="20231129 20:24:14.979" endtime="20231129 20:24:15.046"/>
</kw>
<kw name="Get Element Attribute" library="SeleniumLibrary">
<var>${Result}</var>
<arg>xpath=//*[@selected='selected' and text()='Option 2']</arg>
<arg>for</arg>
<doc>Returns the value of ``attribute`` from the element ``locator``.</doc>
<msg timestamp="20231129 20:24:15.072" level="INFO">${Result} = None</msg>
<status status="PASS" starttime="20231129 20:24:15.047" endtime="20231129 20:24:15.072"/>
</kw>
<kw name="Log To Console" library="BuiltIn">
<arg>${\n}${Result}</arg>
<doc>Logs the given message to the console.</doc>
<status status="PASS" starttime="20231129 20:24:15.073" endtime="20231129 20:24:15.073"/>
</kw>
<kw name="Log" library="BuiltIn">
<arg>${\n}${Result}</arg>
<doc>Logs the given message with the given level.</doc>
<msg timestamp="20231129 20:24:15.074" level="INFO">
None</msg>
<status status="PASS" starttime="20231129 20:24:15.073" endtime="20231129 20:24:15.074"/>
</kw>
<doc>This is some basic info about the test</doc>
<tag>HeroDropdown</tag>
<tag>P0</tag>
<status status="PASS" starttime="20231129 20:24:11.643" endtime="20231129 20:24:15.074"/>
</test>
<test id="s1-t3" name="Test Form Authentication Login Failed">
<kw name="Go To" library="SeleniumLibrary">
<arg>${url}</arg>
<doc>Navigates the current browser window to the provided ``url``.</doc>
<msg timestamp="20231129 20:24:15.077" level="INFO">Opening url 'http://the-internet.herokuapp.com/'</msg>
<status status="PASS" starttime="20231129 20:24:15.077" endtime="20231129 20:24:15.140"/>
</kw>
<kw name="Click Link" library="SeleniumLibrary">
<arg>//*[@href='/login']</arg>
<doc>Clicks a link identified by ``locator``.</doc>
<msg timestamp="20231129 20:24:15.140" level="INFO">Clicking link '//*[@href='/login']'.</msg>
<status status="PASS" starttime="20231129 20:24:15.140" endtime="20231129 20:24:15.282"/>
</kw>
<kw name="Get Text" library="SeleniumLibrary">
<var>${c}</var>
<arg>xpath://h2[contains(text(),'Login Page')]</arg>
<doc>Returns the text value of the element identified by ``locator``.</doc>
<msg timestamp="20231129 20:24:15.314" level="INFO">${c} = Login Page</msg>
<status status="PASS" starttime="20231129 20:24:15.282" endtime="20231129 20:24:15.315"/>
</kw>
<kw name="Capture Page Screenshot" library="SeleniumLibrary">
<doc>Takes a screenshot of the current page and embeds it into a log file.</doc>
<msg timestamp="20231129 20:24:15.375" level="INFO" html="true">&lt;/td&gt;&lt;/tr&gt;&lt;tr&gt;&lt;td colspan="3"&gt;&lt;a href="selenium-screenshot-3.png"&gt;&lt;img src="selenium-screenshot-3.png" width="800px"&gt;&lt;/a&gt;</msg>
<status status="PASS" starttime="20231129 20:24:15.315" endtime="20231129 20:24:15.376"/>
</kw>
<kw name="Log To Console" library="BuiltIn">
<arg>${c}</arg>
<doc>Logs the given message to the console.</doc>
<status status="PASS" starttime="20231129 20:24:15.376" endtime="20231129 20:24:15.376"/>
</kw>
<kw name="Click Button" library="SeleniumLibrary">
<arg>css:#login &gt; button</arg>
<doc>Clicks the button identified by ``locator``.</doc>
<msg timestamp="20231129 20:24:15.377" level="INFO">Clicking button 'css:#login &gt; button'.</msg>
<status status="PASS" starttime="20231129 20:24:15.377" endtime="20231129 20:24:15.532"/>
</kw>
<kw name="Wait Until Page Contains" library="SeleniumLibrary">
<arg>Your username is invalid!</arg>
<doc>Waits until ``text`` appears on the current page.</doc>
<status status="PASS" starttime="20231129 20:24:15.532" endtime="20231129 20:24:15.547"/>
</kw>
<doc>This is some basic info about the test</doc>
<tag>P0</tag>
<status status="PASS" starttime="20231129 20:24:15.075" endtime="20231129 20:24:15.547"/>
</test>
<test id="s1-t4" name="Test Form Authentication Login Pass">
<kw name="Go To" library="SeleniumLibrary">
<arg>${url}</arg>
<doc>Navigates the current browser window to the provided ``url``.</doc>
<msg timestamp="20231129 20:24:15.549" level="INFO">Opening url 'http://the-internet.herokuapp.com/'</msg>
<status status="PASS" starttime="20231129 20:24:15.549" endtime="20231129 20:24:15.610"/>
</kw>
<kw name="Click Link" library="SeleniumLibrary">
<arg>//*[@href='/login']</arg>
<doc>Clicks a link identified by ``locator``.</doc>
<msg timestamp="20231129 20:24:15.610" level="INFO">Clicking link '//*[@href='/login']'.</msg>
<status status="PASS" starttime="20231129 20:24:15.610" endtime="20231129 20:24:15.734"/>
</kw>
<kw name="Get Text" library="SeleniumLibrary">
<var>${c}</var>
<arg>xpath://h2[contains(text(),'Login Page')]</arg>
<doc>Returns the text value of the element identified by ``locator``.</doc>
<msg timestamp="20231129 20:24:15.752" level="INFO">${c} = Login Page</msg>
<status status="PASS" starttime="20231129 20:24:15.734" endtime="20231129 20:24:15.752"/>
</kw>
<kw name="Log To Console" library="BuiltIn">
<arg>${c}</arg>
<doc>Logs the given message to the console.</doc>
<status status="PASS" starttime="20231129 20:24:15.752" endtime="20231129 20:24:15.753"/>
</kw>
<kw name="Input Text" library="SeleniumLibrary">
<arg>id:username</arg>
<arg>tomsmith</arg>
<doc>Types the given ``text`` into the text field identified by ``locator``.</doc>
<msg timestamp="20231129 20:24:15.753" level="INFO">Typing text 'tomsmith' into text field 'id:username'.</msg>
<status status="PASS" starttime="20231129 20:24:15.753" endtime="20231129 20:24:15.869"/>
</kw>
<kw name="Input Password" library="SeleniumLibrary">
<arg>id:password</arg>
<arg>SuperSecretPassword!</arg>
<doc>Types the given password into the text field identified by ``locator``.</doc>
<msg timestamp="20231129 20:24:15.870" level="INFO">Typing password into text field 'id:password'.</msg>
<msg timestamp="20231129 20:24:15.914" level="INFO">Temporally setting log level to: NONE</msg>
<msg timestamp="20231129 20:24:16.007" level="INFO">Log level changed from NONE to INFO.</msg>
<status status="PASS" starttime="20231129 20:24:15.869" endtime="20231129 20:24:16.007"/>
</kw>
<kw name="Click Button" library="SeleniumLibrary">
<arg>css:#login &gt; button</arg>
<doc>Clicks the button identified by ``locator``.</doc>
<msg timestamp="20231129 20:24:16.008" level="INFO">Clicking button 'css:#login &gt; button'.</msg>
<status status="PASS" starttime="20231129 20:24:16.007" endtime="20231129 20:24:16.145"/>
</kw>
<kw name="Wait Until Page Contains" library="SeleniumLibrary">
<arg>You logged into a secure area!</arg>
<doc>Waits until ``text`` appears on the current page.</doc>
<status status="PASS" starttime="20231129 20:24:16.145" endtime="20231129 20:24:16.162"/>
</kw>
<kw name="Capture Page Screenshot" library="SeleniumLibrary">
<doc>Takes a screenshot of the current page and embeds it into a log file.</doc>
<msg timestamp="20231129 20:24:16.219" level="INFO" html="true">&lt;/td&gt;&lt;/tr&gt;&lt;tr&gt;&lt;td colspan="3"&gt;&lt;a href="selenium-screenshot-4.png"&gt;&lt;img src="selenium-screenshot-4.png" width="800px"&gt;&lt;/a&gt;</msg>
<status status="PASS" starttime="20231129 20:24:16.162" endtime="20231129 20:24:16.219"/>
</kw>
<doc>This is some basic info about the test</doc>
<tag>P0</tag>
<status status="PASS" starttime="20231129 20:24:15.548" endtime="20231129 20:24:16.220"/>
</test>
<test id="s1-t5" name="Test page A/B Testing">
<kw name="Go To" library="SeleniumLibrary">
<arg>${url}</arg>
<doc>Navigates the current browser window to the provided ``url``.</doc>
<msg timestamp="20231129 20:24:16.221" level="INFO">Opening url 'http://the-internet.herokuapp.com/'</msg>
<status status="PASS" starttime="20231129 20:24:16.221" endtime="20231129 20:24:16.283"/>
</kw>
<kw name="Click Link" library="SeleniumLibrary">
<arg>//*[@href='/abtest']</arg>
<doc>Clicks a link identified by ``locator``.</doc>
<msg timestamp="20231129 20:24:16.283" level="INFO">Clicking link '//*[@href='/abtest']'.</msg>
<status status="PASS" starttime="20231129 20:24:16.283" endtime="20231129 20:24:16.408"/>
</kw>
<kw name="Capture Page Screenshot" library="SeleniumLibrary">
<doc>Takes a screenshot of the current page and embeds it into a log file.</doc>
<msg timestamp="20231129 20:24:16.488" level="INFO" html="true">&lt;/td&gt;&lt;/tr&gt;&lt;tr&gt;&lt;td colspan="3"&gt;&lt;a href="selenium-screenshot-5.png"&gt;&lt;img src="selenium-screenshot-5.png" width="800px"&gt;&lt;/a&gt;</msg>
<status status="PASS" starttime="20231129 20:24:16.408" endtime="20231129 20:24:16.488"/>
</kw>
<kw name="Get Text" library="SeleniumLibrary">
<var>${c}</var>
<arg>xpath://h3[contains(text(),'A/B Test')]</arg>
<doc>Returns the text value of the element identified by ``locator``.</doc>
<msg timestamp="20231129 20:24:16.512" level="INFO">${c} = A/B Test Control</msg>
<status status="PASS" starttime="20231129 20:24:16.488" endtime="20231129 20:24:16.512"/>
</kw>
<kw name="Log To Console" library="BuiltIn">
<arg>${c}</arg>
<doc>Logs the given message to the console.</doc>
<status status="PASS" starttime="20231129 20:24:16.512" endtime="20231129 20:24:16.513"/>
</kw>
<kw name="Wait Until Page Contains" library="SeleniumLibrary">
<arg>${c}</arg>
<doc>Waits until ``text`` appears on the current page.</doc>
<status status="PASS" starttime="20231129 20:24:16.513" endtime="20231129 20:24:16.525"/>
</kw>
<kw name="Go Back" library="SeleniumLibrary">
<doc>Simulates the user clicking the back button on their browser.</doc>
<status status="PASS" starttime="20231129 20:24:16.525" endtime="20231129 20:24:16.592"/>
</kw>
<doc>This is some basic info about the test</doc>
<tag>P1</tag>
<tag>Smoke</tag>
<status status="PASS" starttime="20231129 20:24:16.220" endtime="20231129 20:24:16.593"/>
</test>
<kw name="Run Keyword And Ignore Error" library="BuiltIn" type="TEARDOWN">
<arg>End Web Test</arg>
<doc>Runs the given keyword with the given arguments and ignores possible error.</doc>
<kw name="End Web Test">
<kw name="Close Browser" library="SeleniumLibrary">
<doc>Closes the current browser.</doc>
<status status="PASS" starttime="20231129 20:24:16.594" endtime="20231129 20:24:16.653"/>
</kw>
<status status="PASS" starttime="20231129 20:24:16.594" endtime="20231129 20:24:16.653"/>
</kw>
<status status="PASS" starttime="20231129 20:24:16.594" endtime="20231129 20:24:16.653"/>
</kw>
<doc>This is basic info about the Web_App test cases</doc>
<status status="PASS" starttime="20231129 20:24:09.235" endtime="20231129 20:24:16.653"/>
</suite>
<statistics>
<total>
<stat pass="5" fail="0" skip="0">All Tests</stat>
</total>
<tag>
<stat pass="1" fail="0" skip="0">HeroDropdown</stat>
<stat pass="4" fail="0" skip="0">P0</stat>
<stat pass="1" fail="0" skip="0">P1</stat>
<stat pass="2" fail="0" skip="0">Smoke</stat>
</tag>
<suite>
<stat pass="5" fail="0" skip="0" id="s1" name="Web Test Sample">Web Test Sample</stat>
</suite>
</statistics>
<errors>
<msg timestamp="20231129 20:24:15.075" level="WARN">Multiple test cases with name 'Test Form Authentication Login Failed' executed in test suite 'Web Test Sample'.</msg>
</errors>
</robot>
